  VAO.cpp
  VBO.cpp
  camera.cpp
E:\VS_projekty\Projekt_grafika_final\Projekt_grafika_final\camera.h(29,34): warning C4244: "inicjowanie": konwersja z "double" do "float", możliwa utrata danych
  (kompilowanie pliku źródłowego „camera.cpp”)
  
C:\Program Files (x86)\Windows Kits\10\Include\10.0.26100.0\shared\minwindef.h(130,9): warning C4005: "APIENTRY": ponowna definicja makra
  (kompilowanie pliku źródłowego „camera.cpp”)
      E:\VS_projekty\libraries\include\glad\glad.h(32,9):
      zobacz poprzednią definicję „APIENTRY”
  
  cube.cpp
  cylinder.cpp
  plane.cpp
  pyramid.cpp
  shaderClass.cpp
  shape.cpp
  sphere.cpp
  stb.cpp
  texture.cpp
  Generowanie kodu...
LINK : warning LNK4098: domyślna biblioteka "MSVCRT" powoduje konflikt z innymi bibliotekami; użyj opcji /NODEFAULTLIB:biblioteka
  Projekt_grafika_final.vcxproj -> E:\VS_projekty\Projekt_grafika_final\x64\Debug\Projekt_grafika_final.exe
